[biotoxnutrition.com/bio-quick-buy/index.html]
[biotoxnutrition.com/assets/images/apple-icon-72x72.png]
[backblue.gif]
[fade.gif]
[index.html]
[biotoxnutrition.com/assets/css/main.minc924.css]
[biotoxnutrition.com/assets/images/logo.png]
[biotoxnutrition.com/assets/images/img1.png]
[biotoxnutrition.com/assets/images/tonya.png]
[biotoxnutrition.com/assets/images/bottle-1.png]
[biotoxnutrition.com/assets/images/bottle1-sm.png]
[biotoxnutrition.com/assets/images/bottle-6.png]
[biotoxnutrition.com/assets/images/bottle6-sm.png]
[biotoxnutrition.com/assets/images/bottle-3.png]
[biotoxnutrition.com/assets/images/bottle3-sm.png]
[biotoxnutrition.com/cdn-cgi/scripts/5c5dd728/cloudflare-static/email-decode.min.js]
[cdnjs.cloudflare.com/ajax/libs/jquery/3.3.1/jquery.min.js]
[biotoxnutrition.com/assets/js/lazyload.min.js]
[biotoxnutrition.com/assets/js/app.minf700.js]
[ajax.cloudflare.com/cdn-cgi/scripts/7089c43e/cloudflare-static/rocket-loader.min.js]
[biotoxnutrition.com/bio-quick-buy/index.html]
[www.googletagmanager.com/gtm5445.html]
[static.cloudflareinsights.com/beacon.min.js]
[biotoxnutrition.com/assets/images/video-paused.png]
[biotoxnutrition.com/assets/images/bg--guarantee.jpg]
[biotoxnutrition.com/assets/images/bg--shape.jpg]
[biotoxnutrition.com/assets/images/about.png]
[biotoxnutrition.com/assets/images/bg-leafs.png]
[biotoxnutrition.com/assets/images/bg--lady.jpg]
[biotoxnutrition.com/assets/images/leaf-left.png]
[biotoxnutrition.com/assets/images/leaf-right.png]
[biotoxnutrition.com/assets/images/flask.png]
[biotoxnutrition.com/assets/images/link.png]
[biotoxnutrition.com/assets/images/60-day-money-back-guarantee.png]
[biotoxnutrition.com/assets/images/quote.png]
[biotoxnutrition.com/assets/images/testimonial-after.png]
[biotoxnutrition.com/assets/css/main.minc924.css]
